<?xml version="1.0" encoding="UTF-8"?>
<!-- Generated by org.testng.reporters.JUnitReportReporter -->
<testsuite hostname="LAPTOP-JEC6V1DV" failures="0" tests="4" name="com.crm.qa.testcases.ContactPageTest" time="61.918" errors="0" timestamp="26 Jun 2021 23:08:52 GMT" skipped="0">
  <testcase classname="com.crm.qa.testcases.ContactPageTest" name="verifyContactPageTest" time="13.337"/>
  <testcase classname="com.crm.qa.testcases.ContactPageTest" name="fillContactsPage" time="17.370"/>
  <testcase classname="com.crm.qa.testcases.ContactPageTest" name="fillContactsPage" time="15.538"/>
  <testcase classname="com.crm.qa.testcases.ContactPageTest" name="fillContactsPage" time="15.673"/>
</testsuite> <!-- com.crm.qa.testcases.ContactPageTest -->
