<?xml version="1.0" encoding="UTF-8"?>
<!-- Generated by org.testng.reporters.JUnitReportReporter -->
<testsuite hostname="LAPTOP-JEC6V1DV" failures="0" tests="1" name="com.crm.qa.testcases.LoginPageTest" time="6.472" errors="0" timestamp="27 Jun 2021 00:44:17 GMT" skipped="0">
  <testcase classname="com.crm.qa.testcases.LoginPageTest" name="loginPageTitleTest" time="6.472"/>
</testsuite> <!-- com.crm.qa.testcases.LoginPageTest -->
