<?xml version="1.0" encoding="UTF-8"?>
<!-- Generated by org.testng.reporters.JUnitReportReporter -->
<testsuite hostname="LAPTOP-JEC6V1DV" failures="0" tests="3" name="com.crm.qa.testcases.HomePageTest" time="33.147" errors="0" timestamp="26 Jun 2021 23:08:52 GMT" skipped="0">
  <testcase classname="com.crm.qa.testcases.HomePageTest" name="verifyHomePageTitle" time="10.755"/>
  <testcase classname="com.crm.qa.testcases.HomePageTest" name="verifyUserName" time="10.610"/>
  <testcase classname="com.crm.qa.testcases.HomePageTest" name="verifyContactLink" time="11.782"/>
</testsuite> <!-- com.crm.qa.testcases.HomePageTest -->
