<?xml version="1.0" encoding="UTF-8"?>
<!-- Generated by org.testng.reporters.JUnitReportReporter -->
<testsuite skipped="0" hostname="LAPTOP-JEC6V1DV" name="com.crm.qa.testcases.HomePageTest" tests="3" failures="0" timestamp="29 Jun 2021 00:01:41 GMT" time="43.989" errors="0">
  <testcase name="verifyHomePageTitle" time="12.229" classname="com.crm.qa.testcases.HomePageTest"/>
  <testcase name="verifyUserName" time="18.233" classname="com.crm.qa.testcases.HomePageTest"/>
  <testcase name="verifyContactLink" time="13.527" classname="com.crm.qa.testcases.HomePageTest"/>
</testsuite> <!-- com.crm.qa.testcases.HomePageTest -->
