<?xml version="1.0" encoding="UTF-8"?>
<!-- Generated by org.testng.reporters.JUnitReportReporter -->
<testsuite skipped="0" hostname="LAPTOP-JEC6V1DV" name="com.crm.qa.testcases.LoginPageTest" tests="1" failures="0" timestamp="29 Jun 2021 00:01:41 GMT" time="9.467" errors="0">
  <testcase name="loginPageTitleTest" time="9.467" classname="com.crm.qa.testcases.LoginPageTest"/>
</testsuite> <!-- com.crm.qa.testcases.LoginPageTest -->
